2024-03-14 15:12:18,411 - Using logger class org.apache.velocity.runtime.log.SimpleLog4JLogSystem
2024-03-14 15:12:18,411 - Default ResourceManager initializing. (class org.apache.velocity.runtime.resource.ResourceManagerImpl)
2024-03-14 15:12:18,411 - Resource Loader Instantiated: org.apache.velocity.runtime.resource.loader.ClasspathResourceLoader
2024-03-14 15:12:18,411 - ClasspathResourceLoader : initialization starting.
2024-03-14 15:12:18,411 - ClasspathResourceLoader : initialization complete.
2024-03-14 15:12:18,411 - ResourceCache : initialized. (class org.apache.velocity.runtime.resource.ResourceCacheImpl)
2024-03-14 15:12:18,411 - Default ResourceManager initialization complete.
2024-03-14 15:12:18,411 - Loaded System Directive: org.apache.velocity.runtime.directive.Literal
2024-03-14 15:12:18,411 - Loaded System Directive: org.apache.velocity.runtime.directive.Macro
2024-03-14 15:12:18,411 - Loaded System Directive: org.apache.velocity.runtime.directive.Parse
2024-03-14 15:12:18,411 - Loaded System Directive: org.apache.velocity.runtime.directive.Include
2024-03-14 15:12:18,411 - Loaded System Directive: org.apache.velocity.runtime.directive.Foreach
2024-03-14 15:12:18,427 - Created: 20 parsers.
2024-03-14 15:12:18,427 - Velocimacro : initialization starting.
2024-03-14 15:12:18,427 - Velocimacro : adding VMs from VM library template : VM_global_library.vm
2024-03-14 15:12:18,427 - ResourceManager : unable to find resource 'VM_global_library.vm' in any resource loader.
2024-03-14 15:12:18,427 - Velocimacro : error using  VM library template VM_global_library.vm : org.apache.velocity.exception.ResourceNotFoundException: Unable to find resource 'VM_global_library.vm'
2024-03-14 15:12:18,427 - Velocimacro :  VM library template macro registration complete.
2024-03-14 15:12:18,427 - Velocimacro : allowInline = true : VMs can be defined inline in templates
2024-03-14 15:12:18,427 - Velocimacro : allowInlineToOverride = false : VMs defined inline may NOT replace previous VM definitions
2024-03-14 15:12:18,427 - Velocimacro : allowInlineLocal = false : VMs defined inline will be  global in scope if allowed.
2024-03-14 15:12:18,427 - Velocimacro : messages on  : VM system will output logging messages
2024-03-14 15:12:18,427 - Velocimacro : autoload off  : VM system will not automatically reload global library macros
2024-03-14 15:12:18,427 - Velocimacro : initialization complete.
2024-03-14 15:12:18,427 - Velocity successfully started.
2024-03-14 15:18:45,846 - SimpleLog4JLogSystem initialized using logfile 'velocity.log'
2024-03-14 15:18:45,846 - ************************************************************** 
2024-03-14 15:18:45,846 - Starting Jakarta Velocity v1.4
2024-03-14 15:18:45,846 - RuntimeInstance initializing.
2024-03-14 15:18:45,846 - Default Properties File: org\apache\velocity\runtime\defaults\velocity.properties
2024-03-14 15:18:45,846 - Trying to use logger class org.apache.velocity.runtime.log.SimpleLog4JLogSystem
2024-03-14 15:18:45,846 - Using logger class org.apache.velocity.runtime.log.SimpleLog4JLogSystem
2024-03-14 15:18:45,846 - Default ResourceManager initializing. (class org.apache.velocity.runtime.resource.ResourceManagerImpl)
2024-03-14 15:18:45,854 - Resource Loader Instantiated: org.apache.velocity.runtime.resource.loader.ClasspathResourceLoader
2024-03-14 15:18:45,854 - ClasspathResourceLoader : initialization starting.
2024-03-14 15:18:45,854 - ClasspathResourceLoader : initialization complete.
2024-03-14 15:18:45,857 - ResourceCache : initialized. (class org.apache.velocity.runtime.resource.ResourceCacheImpl)
2024-03-14 15:18:45,857 - Default ResourceManager initialization complete.
2024-03-14 15:18:45,857 - Loaded System Directive: org.apache.velocity.runtime.directive.Literal
2024-03-14 15:18:45,857 - Loaded System Directive: org.apache.velocity.runtime.directive.Macro
2024-03-14 15:18:45,857 - Loaded System Directive: org.apache.velocity.runtime.directive.Parse
2024-03-14 15:18:45,857 - Loaded System Directive: org.apache.velocity.runtime.directive.Include
2024-03-14 15:18:45,857 - Loaded System Directive: org.apache.velocity.runtime.directive.Foreach
2024-03-14 15:18:45,877 - Created: 20 parsers.
2024-03-14 15:18:45,887 - Velocimacro : initialization starting.
2024-03-14 15:18:45,887 - Velocimacro : adding VMs from VM library template : VM_global_library.vm
2024-03-14 15:18:45,887 - ResourceManager : unable to find resource 'VM_global_library.vm' in any resource loader.
2024-03-14 15:18:45,887 - Velocimacro : error using  VM library template VM_global_library.vm : org.apache.velocity.exception.ResourceNotFoundException: Unable to find resource 'VM_global_library.vm'
2024-03-14 15:18:45,887 - Velocimacro :  VM library template macro registration complete.
2024-03-14 15:18:45,887 - Velocimacro : allowInline = true : VMs can be defined inline in templates
2024-03-14 15:18:45,887 - Velocimacro : allowInlineToOverride = false : VMs defined inline may NOT replace previous VM definitions
2024-03-14 15:18:45,887 - Velocimacro : allowInlineLocal = false : VMs defined inline will be  global in scope if allowed.
2024-03-14 15:18:45,887 - Velocimacro : messages on  : VM system will output logging messages
2024-03-14 15:18:45,887 - Velocimacro : autoload off  : VM system will not automatically reload global library macros
2024-03-14 15:18:45,887 - Velocimacro : initialization complete.
2024-03-14 15:18:45,887 - Velocity successfully started.
2024-03-14 16:43:21,754 - SimpleLog4JLogSystem initialized using logfile 'velocity.log'
2024-03-14 16:43:21,754 - ************************************************************** 
2024-03-14 16:43:21,754 - Starting Jakarta Velocity v1.4
2024-03-14 16:43:21,754 - RuntimeInstance initializing.
2024-03-14 16:43:21,754 - Default Properties File: org\apache\velocity\runtime\defaults\velocity.properties
2024-03-14 16:43:21,754 - Trying to use logger class org.apache.velocity.runtime.log.SimpleLog4JLogSystem
2024-03-14 16:43:21,754 - Using logger class org.apache.velocity.runtime.log.SimpleLog4JLogSystem
2024-03-14 16:43:21,754 - Default ResourceManager initializing. (class org.apache.velocity.runtime.resource.ResourceManagerImpl)
2024-03-14 16:43:21,754 - Resource Loader Instantiated: org.apache.velocity.runtime.resource.loader.ClasspathResourceLoader
2024-03-14 16:43:21,754 - ClasspathResourceLoader : initialization starting.
2024-03-14 16:43:21,754 - ClasspathResourceLoader : initialization complete.
2024-03-14 16:43:21,754 - ResourceCache : initialized. (class org.apache.velocity.runtime.resource.ResourceCacheImpl)
2024-03-14 16:43:21,754 - Default ResourceManager initialization complete.
2024-03-14 16:43:21,754 - Loaded System Directive: org.apache.velocity.runtime.directive.Literal
2024-03-14 16:43:21,754 - Loaded System Directive: org.apache.velocity.runtime.directive.Macro
2024-03-14 16:43:21,754 - Loaded System Directive: org.apache.velocity.runtime.directive.Parse
2024-03-14 16:43:21,754 - Loaded System Directive: org.apache.velocity.runtime.directive.Include
2024-03-14 16:43:21,754 - Loaded System Directive: org.apache.velocity.runtime.directive.Foreach
2024-03-14 16:43:21,770 - Created: 20 parsers.
2024-03-14 16:43:21,770 - Velocimacro : initialization starting.
2024-03-14 16:43:21,770 - Velocimacro : adding VMs from VM library template : VM_global_library.vm
2024-03-14 16:43:21,770 - ResourceManager : unable to find resource 'VM_global_library.vm' in any resource loader.
2024-03-14 16:43:21,770 - Velocimacro : error using  VM library template VM_global_library.vm : org.apache.velocity.exception.ResourceNotFoundException: Unable to find resource 'VM_global_library.vm'
2024-03-14 16:43:21,770 - Velocimacro :  VM library template macro registration complete.
2024-03-14 16:43:21,770 - Velocimacro : allowInline = true : VMs can be defined inline in templates
2024-03-14 16:43:21,770 - Velocimacro : allowInlineToOverride = false : VMs defined inline may NOT replace previous VM definitions
2024-03-14 16:43:21,770 - Velocimacro : allowInlineLocal = false : VMs defined inline will be  global in scope if allowed.
2024-03-14 16:43:21,770 - Velocimacro : messages on  : VM system will output logging messages
2024-03-14 16:43:21,770 - Velocimacro : autoload off  : VM system will not automatically reload global library macros
2024-03-14 16:43:21,770 - Velocimacro : initialization complete.
2024-03-14 16:43:21,770 - Velocity successfully started.
2024-03-14 16:46:19,999 - SimpleLog4JLogSystem initialized using logfile 'velocity.log'
2024-03-14 16:46:19,999 - ************************************************************** 
2024-03-14 16:46:19,999 - Starting Jakarta Velocity v1.4
2024-03-14 16:46:19,999 - RuntimeInstance initializing.
2024-03-14 16:46:19,999 - Default Properties File: org\apache\velocity\runtime\defaults\velocity.properties
2024-03-14 16:46:19,999 - Trying to use logger class org.apache.velocity.runtime.log.SimpleLog4JLogSystem
2024-03-14 16:46:19,999 - Using logger class org.apache.velocity.runtime.log.SimpleLog4JLogSystem
2024-03-14 16:46:19,999 - Default ResourceManager initializing. (class org.apache.velocity.runtime.resource.ResourceManagerImpl)
2024-03-14 16:46:19,999 - Resource Loader Instantiated: org.apache.velocity.runtime.resource.loader.ClasspathResourceLoader
2024-03-14 16:46:19,999 - ClasspathResourceLoader : initialization starting.
2024-03-14 16:46:19,999 - ClasspathResourceLoader : initialization complete.
2024-03-14 16:46:19,999 - ResourceCache : initialized. (class org.apache.velocity.runtime.resource.ResourceCacheImpl)
2024-03-14 16:46:19,999 - Default ResourceManager initialization complete.
2024-03-14 16:46:19,999 - Loaded System Directive: org.apache.velocity.runtime.directive.Literal
2024-03-14 16:46:19,999 - Loaded System Directive: org.apache.velocity.runtime.directive.Macro
2024-03-14 16:46:19,999 - Loaded System Directive: org.apache.velocity.runtime.directive.Parse
2024-03-14 16:46:19,999 - Loaded System Directive: org.apache.velocity.runtime.directive.Include
2024-03-14 16:46:19,999 - Loaded System Directive: org.apache.velocity.runtime.directive.Foreach
2024-03-14 16:46:20,014 - Created: 20 parsers.
2024-03-14 16:46:20,014 - Velocimacro : initialization starting.
2024-03-14 16:46:20,014 - Velocimacro : adding VMs from VM library template : VM_global_library.vm
2024-03-14 16:46:20,014 - ResourceManager : unable to find resource 'VM_global_library.vm' in any resource loader.
2024-03-14 16:46:20,014 - Velocimacro : error using  VM library template VM_global_library.vm : org.apache.velocity.exception.ResourceNotFoundException: Unable to find resource 'VM_global_library.vm'
2024-03-14 16:46:20,014 - Velocimacro :  VM library template macro registration complete.
2024-03-14 16:46:20,014 - Velocimacro : allowInline = true : VMs can be defined inline in templates
2024-03-14 16:46:20,014 - Velocimacro : allowInlineToOverride = false : VMs defined inline may NOT replace previous VM definitions
2024-03-14 16:46:20,014 - Velocimacro : allowInlineLocal = false : VMs defined inline will be  global in scope if allowed.
2024-03-14 16:46:20,014 - Velocimacro : messages on  : VM system will output logging messages
2024-03-14 16:46:20,014 - Velocimacro : autoload off  : VM system will not automatically reload global library macros
2024-03-14 16:46:20,014 - Velocimacro : initialization complete.
2024-03-14 16:46:20,014 - Velocity successfully started.
